<?xml version="1.0" encoding="UTF-8"?>
<testng-results ignored="0" total="2" passed="2" failed="0" skipped="0">
  <reporter-output>
  </reporter-output>
  <suite started-at="2024-11-05T11:41:58 GMT-06:00" name="Suite" finished-at="2024-11-05T11:42:14 GMT-06:00" duration-ms="16038">
    <groups>
      <group name="regression">
        <method signature="TC001_AccountRegistrationTest.verify_account_registration()[pri:0, instance:testCases.TC001_AccountRegistrationTest@43c1b556]" name="verify_account_registration" class="testCases.TC001_AccountRegistrationTest"/>
      </group> <!-- regression -->
      <group name="sanity">
        <method signature="TC002_Login.Login()[pri:0, instance:testCases.TC002_Login@c0c2f8d]" name="Login" class="testCases.TC002_Login"/>
      </group> <!-- sanity -->
      <group name="master">
        <method signature="TC001_AccountRegistrationTest.verify_account_registration()[pri:0, instance:testCases.TC001_AccountRegistrationTest@43c1b556]" name="verify_account_registration" class="testCases.TC001_AccountRegistrationTest"/>
        <method signature="TC002_Login.Login()[pri:0, instance:testCases.TC002_Login@c0c2f8d]" name="Login" class="testCases.TC002_Login"/>
      </group> <!-- master -->
    </groups>
    <test started-at="2024-11-05T11:41:58 GMT-06:00" name="Test" finished-at="2024-11-05T11:42:14 GMT-06:00" duration-ms="16038">
      <class name="testCases.TC002_Login">
        <test-method is-config="true" signature="setup(java.lang.String,java.lang.String)[pri:0, instance:testCases.TC002_Login@c0c2f8d]" started-at="2024-11-05T11:42:05 GMT-06:00" name="setup" finished-at="2024-11-05T11:42:08 GMT-06:00" duration-ms="2810" status="PASS">
          <params>
            <param index="0">
              <value>
                <![CDATA[chrome]]>
              </value>
            </param>
            <param index="1">
              <value>
                <![CDATA[Linux]]>
              </value>
            </param>
          </params>
          <reporter-output>
          </reporter-output>
        </test-method> <!-- setup -->
        <test-method signature="Login()[pri:0, instance:testCases.TC002_Login@c0c2f8d]" started-at="2024-11-05T11:42:08 GMT-06:00" name="Login" finished-at="2024-11-05T11:42:14 GMT-06:00" duration-ms="5498" status="PASS">
          <reporter-output>
          </reporter-output>
        </test-method> <!-- Login -->
        <test-method is-config="true" signature="tearDown()[pri:0, instance:testCases.TC002_Login@c0c2f8d]" started-at="2024-11-05T11:42:14 GMT-06:00" name="tearDown" finished-at="2024-11-05T11:42:14 GMT-06:00" duration-ms="89" status="PASS">
          <reporter-output>
          </reporter-output>
        </test-method> <!-- tearDown -->
      </class> <!-- testCases.TC002_Login -->
      <class name="testCases.TC001_AccountRegistrationTest">
        <test-method is-config="true" signature="setup(java.lang.String,java.lang.String)[pri:0, instance:testCases.TC001_AccountRegistrationTest@43c1b556]" started-at="2024-11-05T11:41:58 GMT-06:00" name="setup" finished-at="2024-11-05T11:42:02 GMT-06:00" duration-ms="4256" status="PASS">
          <params>
            <param index="0">
              <value>
                <![CDATA[chrome]]>
              </value>
            </param>
            <param index="1">
              <value>
                <![CDATA[Linux]]>
              </value>
            </param>
          </params>
          <reporter-output>
          </reporter-output>
        </test-method> <!-- setup -->
        <test-method signature="verify_account_registration()[pri:0, instance:testCases.TC001_AccountRegistrationTest@43c1b556]" started-at="2024-11-05T11:42:02 GMT-06:00" name="verify_account_registration" finished-at="2024-11-05T11:42:05 GMT-06:00" duration-ms="3026" status="PASS">
          <reporter-output>
          </reporter-output>
        </test-method> <!-- verify_account_registration -->
        <test-method is-config="true" signature="tearDown()[pri:0, instance:testCases.TC001_AccountRegistrationTest@43c1b556]" started-at="2024-11-05T11:42:05 GMT-06:00" name="tearDown" finished-at="2024-11-05T11:42:05 GMT-06:00" duration-ms="89" status="PASS">
          <reporter-output>
          </reporter-output>
        </test-method> <!-- tearDown -->
      </class> <!-- testCases.TC001_AccountRegistrationTest -->
    </test> <!-- Test -->
  </suite> <!-- Suite -->
</testng-results>
